This is pdfTeX, Version 3.1415926-2.3-1.40.12 (TeX Live 2011) (format=pdflatex 2012.3.19)  7 APR 2012 20:17
entering extended mode
 \write18 enabled.
 file:line:error style messages enabled.
 %&-line parsing enabled.
**/Users/alex/Master/TSWLatexianTemp_000067.tex
(/Users/alex/Master/TSWLatexianTemp_000067.tex
LaTeX2e <2011/06/27>
Babel <v3.8m> and hyphenation patterns for english, dumylang, nohyphenation, german-x-2011-07-01, ngerman-x-2011-07-01, afrikaans, ancientgreek, ibycus, arabic, armenian, basque, bulgarian, catalan, pinyin, coptic, croatian, czech, danish, dutch, ukenglish, usenglishmax, esperanto, estonian, ethiopic, farsi, finnish, french, galician, german, ngerman, swissgerman, monogreek, greek, hungarian, icelandic, assamese, bengali, gujarati, hindi, kannada, malayalam, marathi, oriya, panjabi, tamil, telugu, indonesian, interlingua, irish, italian, kurmanji, lao, latin, latvian, lithuanian, mongolian, mongolianlmc, bokmal, nynorsk, polish, portuguese, romanian, russian, sanskrit, serbian, serbianc, slovak, slovenian, spanish, swedish, turkish, turkmen, ukrainian, uppersorbian, welsh, loaded.
(./settings.tex (/usr/local/texlive/2011/texmf-dist/tex/latex/base/book.cls
Document Class: book 2007/10/19 v1.4h Standard LaTeX document class
(/usr/local/texlive/2011/texmf-dist/tex/latex/base/bk11.clo
File: bk11.clo 2007/10/19 v1.4h Standard LaTeX file (size option)
)
\c@part=\count79
\c@chapter=\count80
\c@section=\count81
\c@subsection=\count82
\c@subsubsection=\count83
\c@paragraph=\count84
\c@subparagraph=\count85
\c@figure=\count86
\c@table=\count87
\abovecaptionskip=\skip41
\belowcaptionskip=\skip42
\bibindent=\dimen102
) (/usr/local/texlive/2011/texmf-dist/tex/latex/amsmath/amsmath.sty
Package: amsmath 2000/07/18 v2.13 AMS math features
\@mathmargin=\skip43

For additional information on amsmath, use the `?' option.
(/usr/local/texlive/2011/texmf-dist/tex/latex/amsmath/amstext.sty
Package: amstext 2000/06/29 v2.01
 (/usr/local/texlive/2011/texmf-dist/tex/latex/amsmath/amsgen.sty
File: amsgen.sty 1999/11/30 v2.0
\@emptytoks=\toks14
\ex@=\dimen103
)) (/usr/local/texlive/2011/texmf-dist/tex/latex/amsmath/amsbsy.sty
Package: amsbsy 1999/11/29 v1.2d
\pmbraise@=\dimen104
) (/usr/local/texlive/2011/texmf-dist/tex/latex/amsmath/amsopn.sty
Package: amsopn 1999/12/14 v2.01 operator names
)
\inf@bad=\count88
LaTeX Info: Redefining \frac on input line 211.
\uproot@=\count89
\leftroot@=\count90
LaTeX Info: Redefining \overline on input line 307.
\classnum@=\count91
\DOTSCASE@=\count92
LaTeX Info: Redefining \ldots on input line 379.
LaTeX Info: Redefining \dots on input line 382.
LaTeX Info: Redefining \cdots on input line 467.
\Mathstrutbox@=\box26
\strutbox@=\box27
\big@size=\dimen105
LaTeX Font Info:    Redeclaring font encoding OML on input line 567.
LaTeX Font Info:    Redeclaring font encoding OMS on input line 568.
\macc@depth=\count93
\c@MaxMatrixCols=\count94
\dotsspace@=\muskip10
\c@parentequation=\count95
\dspbrk@lvl=\count96
\tag@help=\toks15
\row@=\count97
\column@=\count98
\maxfields@=\count99
\andhelp@=\toks16
\eqnshift@=\dimen106
\alignsep@=\dimen107
\tagshift@=\dimen108
\tagwidth@=\dimen109
\totwidth@=\dimen110
\lineht@=\dimen111
\@envbody=\toks17
\multlinegap=\skip44
\multlinetaggap=\skip45
\mathdisplay@stack=\toks18
LaTeX Info: Redefining \[ on input line 2666.
LaTeX Info: Redefining \] on input line 2667.
) (/usr/local/texlive/2011/texmf-dist/tex/latex/amsfonts/amsfonts.sty
Package: amsfonts 2009/06/22 v3.00 Basic AMSFonts support
\symAMSa=\mathgroup4
\symAMSb=\mathgroup5
LaTeX Font Info:    Overwriting math alphabet `\mathfrak' in version `bold'
(Font)                  U/euf/m/n --> U/euf/b/n on input line 96.
) (/usr/local/texlive/2011/texmf-dist/tex/latex/graphics/graphicx.sty
Package: graphicx 1999/02/16 v1.0f Enhanced LaTeX Graphics (DPC,SPQR)
 (/usr/local/texlive/2011/texmf-dist/tex/latex/graphics/keyval.sty
Package: keyval 1999/03/16 v1.13 key=value parser (DPC)
\KV@toks@=\toks19
) (/usr/local/texlive/2011/texmf-dist/tex/latex/graphics/graphics.sty
Package: graphics 2009/02/05 v1.0o Standard LaTeX Graphics (DPC,SPQR)
 (/usr/local/texlive/2011/texmf-dist/tex/latex/graphics/trig.sty
Package: trig 1999/03/16 v1.09 sin cos tan (DPC)
) (/usr/local/texlive/2011/texmf-dist/tex/latex/latexconfig/graphics.cfg
File: graphics.cfg 2010/04/23 v1.9 graphics configuration of TeX Live
)
Package graphics Info: Driver file: pdftex.def on input line 91.
 (/usr/local/texlive/2011/texmf-dist/tex/latex/pdftex-def/pdftex.def
File: pdftex.def 2011/05/27 v0.06d Graphics/color for pdfTeX
 (/usr/local/texlive/2011/texmf-dist/tex/generic/oberdiek/infwarerr.sty
Package: infwarerr 2010/04/08 v1.3 Providing info/warning/message (HO)
) (/usr/local/texlive/2011/texmf-dist/tex/generic/oberdiek/ltxcmds.sty
Package: ltxcmds 2011/04/18 v1.20 LaTeX kernel commands for general use (HO)
)
\Gread@gobject=\count100
))
\Gin@req@height=\dimen112
\Gin@req@width=\dimen113
) (/usr/local/texlive/2011/texmf-dist/tex/latex/xfor/xfor.sty
Package: xfor 2009/02/05 v1.05 (NLCT)
) (/usr/local/texlive/2011/texmf-dist/tex/latex/base/fontenc.sty
Package: fontenc 2005/09/27 v1.99g Standard LaTeX package
 (/usr/local/texlive/2011/texmf-dist/tex/latex/base/t1enc.def
File: t1enc.def 2005/09/27 v1.99g Standard LaTeX file
LaTeX Font Info:    Redeclaring font encoding T1 on input line 43.
)) (/usr/local/texlive/2011/texmf-dist/tex/latex/ae/ae.sty
Package: ae 2001/02/12 1.3 Almost European Computer Modern
 (/usr/local/texlive/2011/texmf-dist/tex/latex/base/fontenc.sty
Package: fontenc 2005/09/27 v1.99g Standard LaTeX package
 (/usr/local/texlive/2011/texmf-dist/tex/latex/base/t1enc.def
File: t1enc.def 2005/09/27 v1.99g Standard LaTeX file
LaTeX Font Info:    Redeclaring font encoding T1 on input line 43.
)
LaTeX Font Info:    Try loading font information for T1+aer on input line 100.
 (/usr/local/texlive/2011/texmf-dist/tex/latex/ae/t1aer.fd
File: t1aer.fd 1997/11/16 Font definitions for T1/aer.
))) (/usr/local/texlive/2011/texmf-dist/tex/latex/ae/aecompl.sty
Package: aecompl 1998/07/23 0.9 T1 Complements for AE fonts (D. Roegel)
) (/usr/local/texlive/2011/texmf-dist/tex/latex/tools/longtable.sty
Package: longtable 2004/02/01 v4.11 Multi-page Table package (DPC)
\LTleft=\skip46
\LTright=\skip47
\LTpre=\skip48
\LTpost=\skip49
\LTchunksize=\count101
\LTcapwidth=\dimen114
\LT@head=\box28
\LT@firsthead=\box29
\LT@foot=\box30
\LT@lastfoot=\box31
\LT@cols=\count102
\LT@rows=\count103
\c@LT@tables=\count104
\c@LT@chunks=\count105
\LT@p@ftn=\toks20
) (/usr/local/texlive/2011/texmf-dist/tex/latex/multirow/multirow.sty
\bigstrutjot=\dimen115
) (/usr/local/texlive/2011/texmf-dist/tex/latex/setspace/setspace.sty
Package: setspace 2011/12/19 v6.7a set line spacing
) (/usr/local/texlive/2011/texmf-dist/tex/latex/url/url.sty
\Urlmuskip=\muskip11
Package: url 2006/04/12  ver 3.3  Verb mode for urls, etc.
) (/usr/local/texlive/2011/texmf-dist/tex/latex/cite/cite.sty
LaTeX Info: Redefining \cite on input line 302.
LaTeX Info: Redefining \nocite on input line 373.
Package: cite 2010/09/10  v 5.3
) (/usr/local/texlive/2011/texmf-dist/tex/latex/float/float.sty
Package: float 2001/11/08 v1.3d Float enhancements (AL)
\c@float@type=\count106
\float@exts=\toks21
\float@box=\box32
\@float@everytoks=\toks22
\@floatcapt=\box33
) (/usr/local/texlive/2011/texmf-dist/tex/latex/epigraph/epigraph.sty
Package: epigraph 2009/09/02 v1.5c typesetting epigraphs
\beforeepigraphskip=\skip50
\afterepigraphskip=\skip51
\epigraphwidth=\skip52
\epigraphrule=\skip53
) (/usr/local/texlive/2011/texmf-dist/tex/generic/babel/babel.sty
Package: babel 2008/07/08 v3.8m The Babel package
 (/usr/local/texlive/2011/texmf-dist/tex/generic/babel/english.ldf
Language: english 2005/03/30 v3.3o English support from the babel system
 (/usr/local/texlive/2011/texmf-dist/tex/generic/babel/babel.def
File: babel.def 2008/07/08 v3.8m Babel common definitions
\babel@savecnt=\count107
\U@D=\dimen116
)
\l@canadian = a dialect from \language\l@american 
\l@australian = a dialect from \language\l@british 
\l@newzealand = a dialect from \language\l@british 
)) (/usr/local/texlive/2011/texmf-dist/tex/latex/caption/caption.sty
Package: caption 2012/02/19 v3.2f Customizing captions (AR)
 (/usr/local/texlive/2011/texmf-dist/tex/latex/caption/caption3.sty
Package: caption3 2012/01/12 v1.4b caption3 kernel (AR)
\captionmargin=\dimen117
\captionmargin@=\dimen118
\captionwidth=\dimen119
\caption@indent=\dimen120
\caption@parindent=\dimen121
\caption@hangindent=\dimen122
)
\c@ContinuedFloat=\count108
Package caption Info: float package is loaded.
Package caption Info: longtable package is loaded.
 (/usr/local/texlive/2011/texmf-dist/tex/latex/caption/ltcaption.sty
Package: ltcaption 2011/09/12 v1.3 longtable captions (AR)
)) (/usr/local/texlive/2011/texmf-dist/tex/latex/rotating/rotating.sty
Package: rotating 2009/03/28 v2.16a rotated objects in LaTeX
 (/usr/local/texlive/2011/texmf-dist/tex/latex/base/ifthen.sty
Package: ifthen 2001/05/26 v1.1c Standard LaTeX ifthen package (DPC)
)
\c@r@tfl@t=\count109
\rotFPtop=\skip54
\rotFPbot=\skip55
\rot@float@box=\box34
\rot@mess@toks=\toks23
) (/usr/local/texlive/2011/texmf-dist/tex/latex/booktabs/booktabs.sty
Package: booktabs 2005/04/14 v1.61803 publication quality tables
\heavyrulewidth=\dimen123
\lightrulewidth=\dimen124
\cmidrulewidth=\dimen125
\belowrulesep=\dimen126
\belowbottomsep=\dimen127
\aboverulesep=\dimen128
\abovetopsep=\dimen129
\cmidrulesep=\dimen130
\cmidrulekern=\dimen131
\defaultaddspace=\dimen132
\@cmidla=\count110
\@cmidlb=\count111
\@aboverulesep=\dimen133
\@belowrulesep=\dimen134
\@thisruleclass=\count112
\@lastruleclass=\count113
\@thisrulewidth=\dimen135
) (/usr/local/texlive/2011/texmf-dist/tex/latex/subfigure/subfigure.sty
Package: subfigure 2002/03/15 v2.1.5 subfigure package
\subfigtopskip=\skip56
\subfigcapskip=\skip57
\subfigcaptopadj=\dimen136
\subfigbottomskip=\skip58
\subfigcapmargin=\dimen137
\subfiglabelskip=\skip59
\c@subfigure=\count114
\c@lofdepth=\count115
\c@subtable=\count116
\c@lotdepth=\count117

****************************************
* Local config file subfigure.cfg used *
****************************************
(/usr/local/texlive/2011/texmf-dist/tex/latex/subfigure/subfigure.cfg)
\subfig@top=\skip60
\subfig@bottom=\skip61
) (/usr/local/texlive/2011/texmf-dist/tex/latex/geometry/geometry.sty
Package: geometry 2010/09/12 v5.6 Page Geometry
 (/usr/local/texlive/2011/texmf-dist/tex/generic/oberdiek/ifpdf.sty
Package: ifpdf 2011/01/30 v2.3 Provides the ifpdf switch (HO)
Package ifpdf Info: pdfTeX in PDF mode is detected.
) (/usr/local/texlive/2011/texmf-dist/tex/generic/oberdiek/ifvtex.sty
Package: ifvtex 2010/03/01 v1.5 Switches for detecting VTeX and its modes (HO)
Package ifvtex Info: VTeX not detected.
) (/usr/local/texlive/2011/texmf-dist/tex/generic/ifxetex/ifxetex.sty
Package: ifxetex 2010/09/12 v0.6 Provides ifxetex conditional
)
\Gm@cnth=\count118
\Gm@cntv=\count119
\c@Gm@tempcnt=\count120
\Gm@bindingoffset=\dimen138
\Gm@wd@mp=\dimen139
\Gm@odd@mp=\dimen140
\Gm@even@mp=\dimen141
\Gm@layoutwidth=\dimen142
\Gm@layoutheight=\dimen143
\Gm@layouthoffset=\dimen144
\Gm@layoutvoffset=\dimen145
\Gm@dimlist=\toks24
)) (/usr/local/texlive/2011/texmf-dist/tex/latex/hyperref/hyperref.sty
Package: hyperref 2012/02/06 v6.82o Hypertext links for LaTeX
 (/usr/local/texlive/2011/texmf-dist/tex/generic/oberdiek/hobsub-hyperref.sty
Package: hobsub-hyperref 2011/04/23 v1.4 Bundle oberdiek, subset hyperref (HO)
 (/usr/local/texlive/2011/texmf-dist/tex/generic/oberdiek/hobsub-generic.sty
Package: hobsub-generic 2011/04/23 v1.4 Bundle oberdiek, subset generic (HO)
Package: hobsub 2011/04/23 v1.4 Subsetting bundle oberdiek (HO)
Package hobsub Info: Skipping package `infwarerr' (already loaded).
Package hobsub Info: Skipping package `ltxcmds' (already loaded).
Package: ifluatex 2010/03/01 v1.3 Provides the ifluatex switch (HO)
Package ifluatex Info: LuaTeX not detected.
Package hobsub Info: Skipping package `ifvtex' (already loaded).
Package: intcalc 2007/09/27 v1.1 Expandable integer calculations (HO)
Package hobsub Info: Skipping package `ifpdf' (already loaded).
Package: etexcmds 2011/02/16 v1.5 Prefix for e-TeX command names (HO)
Package etexcmds Info: Could not find \expanded.
(etexcmds)             That can mean that you are not using pdfTeX 1.50 or
(etexcmds)             that some package has redefined \expanded.
(etexcmds)             In the latter case, load this package earlier.
Package: kvsetkeys 2011/04/07 v1.13 Key value parser (HO)
Package: kvdefinekeys 2011/04/07 v1.3 Defining keys (HO)
Package: pdftexcmds 2011/04/22 v0.16 Utilities of pdfTeX for LuaTeX (HO)
Package pdftexcmds Info: LuaTeX not detected.
Package pdftexcmds Info: \pdf@primitive is available.
Package pdftexcmds Info: \pdf@ifprimitive is available.
Package pdftexcmds Info: \pdfdraftmode found.
Package: pdfescape 2011/04/04 v1.12 Provides string conversions (HO)
Package: bigintcalc 2011/01/30 v1.2 Expandable big integer calculations (HO)
Package: bitset 2011/01/30 v1.1 Data type bit set (HO)
Package: uniquecounter 2011/01/30 v1.2 Provides unlimited unique counter (HO)
)
Package hobsub Info: Skipping package `hobsub' (already loaded).
Package: letltxmacro 2010/09/02 v1.4 Let assignment for LaTeX macros (HO)
Package: hopatch 2011/01/30 v1.0 Wrapper for package hooks (HO)
Package: xcolor-patch 2011/01/30 xcolor patch
Package: atveryend 2011/04/23 v1.7 Hooks at very end of document (HO)
Package: atbegshi 2011/01/30 v1.15 At begin shipout hook (HO)
Package: refcount 2010/12/01 v3.2 Data extraction from references (HO)
Package: hycolor 2011/01/30 v1.7 Color options of hyperref/bookmark (HO)
) (/usr/local/texlive/2011/texmf-dist/tex/latex/oberdiek/kvoptions.sty
Package: kvoptions 2010/12/23 v3.10 Keyval support for LaTeX options (HO)
)
\@linkdim=\dimen146
\Hy@linkcounter=\count121
\Hy@pagecounter=\count122
 (/usr/local/texlive/2011/texmf-dist/tex/latex/hyperref/pd1enc.def
File: pd1enc.def 2012/02/06 v6.82o Hyperref: PDFDocEncoding definition (HO)
)
\Hy@SavedSpaceFactor=\count123
 (/usr/local/texlive/2011/texmf-dist/tex/latex/latexconfig/hyperref.cfg
File: hyperref.cfg 2002/06/06 v1.2 hyperref configuration of TeXLive
)
Package hyperref Info: Option `plainpages' set `false' on input line 3925.
Package hyperref Info: Option `pdfpagelabels' set `true' on input line 3925.
Package hyperref Info: Hyper figures OFF on input line 4046.
Package hyperref Info: Link nesting OFF on input line 4051.
Package hyperref Info: Hyper index ON on input line 4054.
Package hyperref Info: Plain pages OFF on input line 4061.
Package hyperref Info: Backreferencing OFF on input line 4066.
Package hyperref Info: Implicit mode ON; LaTeX internals redefined.
Package hyperref Info: Bookmarks ON on input line 4284.
\c@Hy@tempcnt=\count124
LaTeX Info: Redefining \url on input line 4637.
\Fld@menulength=\count125
\Field@Width=\dimen147
\Fld@charsize=\dimen148
Package hyperref Info: Hyper figures OFF on input line 5757.
Package hyperref Info: Link nesting OFF on input line 5762.
Package hyperref Info: Hyper index ON on input line 5765.
Package hyperref Info: backreferencing OFF on input line 5772.
Package hyperref Info: Link coloring OFF on input line 5777.
Package hyperref Info: Link coloring with OCG OFF on input line 5782.
Package hyperref Info: PDF/A mode OFF on input line 5787.
LaTeX Info: Redefining \ref on input line 5827.
LaTeX Info: Redefining \pageref on input line 5831.
\Hy@abspage=\count126
\c@Item=\count127
\c@Hfootnote=\count128
)

Package hyperref Message: Driver: hpdftex.

(/usr/local/texlive/2011/texmf-dist/tex/latex/hyperref/hpdftex.def
File: hpdftex.def 2012/02/06 v6.82o Hyperref driver for pdfTeX
\Fld@listcount=\count129
\c@bookmark@seq@number=\count130
 (/usr/local/texlive/2011/texmf-dist/tex/latex/oberdiek/rerunfilecheck.sty
Package: rerunfilecheck 2011/04/15 v1.7 Rerun checks for auxiliary files (HO)
Package uniquecounter Info: New unique counter `rerunfilecheck' on input line 282.
)
\Hy@SectionHShift=\skip62
)
No file TSWLatexianTemp_000067.aux.
\openout1 = `TSWLatexianTemp_000067.aux'.

LaTeX Font Info:    Checking defaults for OML/cmm/m/it on input line 2.
LaTeX Font Info:    ... okay on input line 2.
LaTeX Font Info:    Checking defaults for T1/cmr/m/n on input line 2.
LaTeX Font Info:    ... okay on input line 2.
LaTeX Font Info:    Checking defaults for OT1/cmr/m/n on input line 2.
LaTeX Font Info:    ... okay on input line 2.
LaTeX Font Info:    Checking defaults for OMS/cmsy/m/n on input line 2.
LaTeX Font Info:    ... okay on input line 2.
LaTeX Font Info:    Checking defaults for OMX/cmex/m/n on input line 2.
LaTeX Font Info:    ... okay on input line 2.
LaTeX Font Info:    Checking defaults for U/cmr/m/n on input line 2.
LaTeX Font Info:    ... okay on input line 2.
LaTeX Font Info:    Checking defaults for PD1/pdf/m/n on input line 2.
LaTeX Font Info:    ... okay on input line 2.
(/usr/local/texlive/2011/texmf-dist/tex/context/base/supp-pdf.mkii
[Loading MPS to PDF converter (version 2006.09.02).]
\scratchcounter=\count131
\scratchdimen=\dimen149
\scratchbox=\box35
\nofMPsegments=\count132
\nofMParguments=\count133
\everyMPshowfont=\toks25
\MPscratchCnt=\count134
\MPscratchDim=\dimen150
\MPnumerator=\count135
\makeMPintoPDFobject=\count136
\everyMPtoPDFconversion=\toks26
) (/usr/local/texlive/2011/texmf-dist/tex/latex/oberdiek/epstopdf-base.sty
Package: epstopdf-base 2010/02/09 v2.5 Base part for package epstopdf
 (/usr/local/texlive/2011/texmf-dist/tex/latex/oberdiek/grfext.sty
Package: grfext 2010/08/19 v1.1 Managing graphics extensions (HO)
)
Package grfext Info: Graphics extension search list:
(grfext)             [.png,.pdf,.jpg,.mps,.jpeg,.jbig2,.jb2,.PNG,.PDF,.JPG,.JPEG,.JBIG2,.JB2,.eps]
(grfext)             \AppendGraphicsExtensions on input line 452.
 (/usr/local/texlive/2011/texmf-dist/tex/latex/latexconfig/epstopdf-sys.cfg
File: epstopdf-sys.cfg 2010/07/13 v1.3 Configuration of (r)epstopdf for TeX Live
))
Package caption Info: Begin \AtBeginDocument code.
Package caption Info: hyperref package is loaded.
Package caption Info: rotating package is loaded.
Package caption Info: subfigure package is loaded.
Package caption Info: End \AtBeginDocument code.

*geometry* detected driver: pdftex
*geometry* verbose mode - [ preamble ] result:
* driver: pdftex
* paper: letterpaper
* layout: <same size as paper>
* layoutoffset:(h,v)=(0.0pt,0.0pt)
* modes: twoside 
* h-part:(L,W,R)=(99.58464pt, 415.12572pt, 99.58464pt)
* v-part:(T,H,B)=(99.58464pt, 624.25346pt, 71.13188pt)
* \paperwidth=614.295pt
* \paperheight=794.96999pt
* \textwidth=415.12572pt
* \textheight=624.25346pt
* \oddsidemargin=27.31465pt
* \evensidemargin=27.31465pt
* \topmargin=-4.55914pt
* \headheight=12.0pt
* \headsep=19.8738pt
* \topskip=11.0pt
* \footskip=27.46295pt
* \marginparwidth=116.0pt
* \marginparsep=7.0pt
* \columnsep=10.0pt
* \skip\footins=10.0pt plus 4.0pt minus 2.0pt
* \hoffset=0.0pt
* \voffset=0.0pt
* \mag=1000
* \@twocolumnfalse
* \@twosidetrue
* \@mparswitchtrue
* \@reversemarginfalse
* (1in=72.27pt=25.4mm, 1cm=28.453pt)

\AtBeginShipoutBox=\box36
Package hyperref Info: Link coloring OFF on input line 2.
(/usr/local/texlive/2011/texmf-dist/tex/latex/hyperref/nameref.sty
Package: nameref 2010/04/30 v2.40 Cross-referencing by name of section
 (/usr/local/texlive/2011/texmf-dist/tex/generic/oberdiek/gettitlestring.sty
Package: gettitlestring 2010/12/03 v1.4 Cleanup title references (HO)
)
\c@section@level=\count137
)
LaTeX Info: Redefining \ref on input line 2.
LaTeX Info: Redefining \pageref on input line 2.
LaTeX Info: Redefining \nameref on input line 2.
\@outlinefile=\write3
\openout3 = `TSWLatexianTemp_000067.out'.

 (./contents/other/frontpage.tex <contents/images/university_logo.png, id=4, 611.28375pt x 601.24625pt>
File: contents/images/university_logo.png Graphic file (type png)
 <use contents/images/university_logo.png>
Package pdftex.def Info: contents/images/university_logo.png used on input line 4.
(pdftex.def)             Requested size: 207.56285pt x 204.14578pt.
LaTeX Font Info:    Try loading font information for U+msa on input line 18.
 (/usr/local/texlive/2011/texmf-dist/tex/latex/amsfonts/umsa.fd
File: umsa.fd 2009/06/22 v3.00 AMS symbols A
)
LaTeX Font Info:    Try loading font information for U+msb on input line 18.
 (/usr/local/texlive/2011/texmf-dist/tex/latex/amsfonts/umsb.fd
File: umsb.fd 2009/06/22 v3.00 AMS symbols B
) [1

{/usr/local/texlive/2011/texmf-var/fonts/map/pdftex/updmap/pdftex.map} <./contents/images/university_logo.png>]) [2

] (./contents/other/dedication.tex [3]) [4

] (./contents/other/abstract.tex
./contents/other/abstract.tex:3: Undefined control sequence.
<recently read> \itextit 
                         
l.3 ...ate for higher radioresistance.\\\\\itextit
                                                  {Dose painting} ist eine neuartige Methode biologische Bildgebung in den Prozess der Bestrahlungsplanung einzubinden. Durch dieses Verfahren wird die Effizienz von Strahlungstherapien verbessert. Eine d...
The control sequence at the end of the top line
of your error message was never \def'ed. If you have
misspelled it (e.g., `\hobx'), type `I' and the correct
spelling (e.g., `I\hbox'). Otherwise just continue,
and I'll forget about whatever was undefined.

)
Underfull \hbox (badness 10000) in paragraph at lines 3--12

 []


Overfull \hbox (7.0124pt too wide) in paragraph at lines 3--12
\T1/aer/m/n/10.95 strahlungs-pla-nung einzu-binden. Durch dieses Ver-fahren wird die Ef-fizienz von Strahlungs-
 []


Underfull \vbox (badness 1810) has occurred while \output is active []

 [5

] [6] (./contents/other/acknowledgements.tex) [7


] [8

]
\tf@toc=\write4
\openout4 = `TSWLatexianTemp_000067.toc'.

 [1

] [2

]
Chapter 1.
(./contents/other/introduction.tex

LaTeX Warning: Citation `pmid10837935' on page 1 undefined on input line 1.


LaTeX Warning: Citation `pmid16841141' on page 1 undefined on input line 1.


LaTeX Warning: Citation `pmid20855118' on page 1 undefined on input line 1.


LaTeX Warning: Citation `pmid11240261' on page 1 undefined on input line 1.


LaTeX Warning: Citation `pmid17869020' on page 1 undefined on input line 1.


LaTeX Warning: Citation `pmid12587912' on page 1 undefined on input line 1.


LaTeX Warning: Citation `pmid21356478' on page 1 undefined on input line 1.


LaTeX Warning: Citation `pmid20643512' on page 1 undefined on input line 1.


LaTeX Warning: Citation `pmid18635895' on page 1 undefined on input line 1.


LaTeX Warning: Citation `pmid17448882' on page 1 undefined on input line 1.


LaTeX Warning: Citation `pmid19218733' on page 1 undefined on input line 1.


LaTeX Warning: Citation `pmid17598907' on page 1 undefined on input line 1.


LaTeX Warning: Citation `pmid12865184' on page 1 undefined on input line 1.


LaTeX Warning: Citation `pmid20831480' on page 1 undefined on input line 1.


LaTeX Warning: Reference `chapter:2' on page 1 undefined on input line 1.


LaTeX Warning: Reference `chapter:3' on page 1 undefined on input line 1.


LaTeX Warning: Reference `chapter:4' on page 1 undefined on input line 1.


LaTeX Warning: Reference `chapter:5' on page 1 undefined on input line 1.


LaTeX Warning: Reference `chapter:6' on page 1 undefined on input line 1.

)
Underfull \vbox (badness 1484) has occurred while \output is active []

pdfTeX warning (ext4): destination with the same identifier (name{page.1}) has been already used, duplicate ignored
<to be read again> 
                   \relax 
l.33 
      [1

]pdfTeX warning (ext4): destination with the same identifier (name{page.2}) has been already used, duplicate ignored
<to be read again> 
                   \relax 
l.34 \chapter
             {Physical Principles}\label{chapter:2} [2]
Chapter 2.
(./contents/chapters/chapter-2.tex
Package epstopdf Info: Source file: </Users/alex/Master/contents/images/feynmangraphs.eps>
(epstopdf)                    date: 2012-03-13 16:38:46
(epstopdf)                    size: 146044 bytes
(epstopdf)             Output file: </Users/alex/Master/contents/images/feynmangraphs-eps-converted-to.pdf>
(epstopdf)                    date: 2012-03-19 17:08:58
(epstopdf)                    size: 7409 bytes
(epstopdf)             Command: <epstopdf --outfile=/Users/alex/Master/contents/images/feynmangraphs-eps-converted-to.pdf /Users/alex/Master/contents/images/feynmangraphs.eps>
(epstopdf)             \includegraphics on input line 6.
Package epstopdf Info: Output file is already uptodate.
 </Users/alex/Master/contents/images/feynmangraphs-eps-converted-to.pdf, id=65, 1027.84pt x 273.02pt>
File: /Users/alex/Master/contents/images/feynmangraphs-eps-converted-to.pdf Graphic file (type pdf)
 <use /Users/alex/Master/contents/images/feynmangraphs-eps-converted-to.pdf>
Package pdftex.def Info: /Users/alex/Master/contents/images/feynmangraphs-eps-converted-to.pdf used on input line 6.
(pdftex.def)             Requested size: 431.68987pt x 114.66762pt.

Overfull \hbox (16.56415pt too wide) in paragraph at lines 6--7
 [][] 
 []


LaTeX Warning: Reference `fig:feynmangraphs' on page 3 undefined on input line 10.

pdfTeX warning (ext4): destination with the same identifier (name{page.3}) has been already used, duplicate ignored
<to be read again> 
                   \relax 
l.11 \begin{equation}
                      [3

 </Users/alex/Master/contents/images/feynmangraphs-eps-converted-to.pdf>]

LaTeX Warning: Citation `Bethge' on page 4 undefined on input line 24.


Underfull \vbox (badness 10000) has occurred while \output is active []

pdfTeX warning (ext4): destination with the same identifier (name{page.4}) has been already used, duplicate ignored
<to be read again> 
                   \relax 
l.29 
      [4]

LaTeX Warning: Citation `Jauch' on page 5 undefined on input line 39.


LaTeX Warning: Reference `eq:comptoncrosssection' on page 5 undefined on input line 43.


LaTeX Warning: Citation `Heitler' on page 5 undefined on input line 43.


Underfull \vbox (badness 10000) has occurred while \output is active []

pdfTeX warning (ext4): destination with the same identifier (name{page.5}) has been already used, duplicate ignored
<to be read again> 
                   \relax 
l.49 \end{equation}
                    [5]

LaTeX Warning: Citation `Heitler' on page 6 undefined on input line 57.


Underfull \hbox (badness 10000) in paragraph at lines 63--65

 []

pdfTeX warning (ext4): destination with the same identifier (name{page.6}) has been already used, duplicate ignored
<to be read again> 
                   \relax 
l.65 \begin{equation}
                      [6]
Package epstopdf Info: Source file: </Users/alex/Master/contents/images/photonxsec.eps>
(epstopdf)                    date: 2012-03-13 21:45:28
(epstopdf)                    size: 23156 bytes
(epstopdf)             Output file: </Users/alex/Master/contents/images/photonxsec-eps-converted-to.pdf>
(epstopdf)                    date: 2012-03-19 17:06:10
(epstopdf)                    size: 8166 bytes
(epstopdf)             Command: <epstopdf --outfile=/Users/alex/Master/contents/images/photonxsec-eps-converted-to.pdf /Users/alex/Master/contents/images/photonxsec.eps>
(epstopdf)             \includegraphics on input line 71.
Package epstopdf Info: Output file is already uptodate.
 </Users/alex/Master/contents/images/photonxsec-eps-converted-to.pdf, id=118, 361.35pt x 252.945pt>
File: /Users/alex/Master/contents/images/photonxsec-eps-converted-to.pdf Graphic file (type pdf)
 <use /Users/alex/Master/contents/images/photonxsec-eps-converted-to.pdf>
Package pdftex.def Info: /Users/alex/Master/contents/images/photonxsec-eps-converted-to.pdf used on input line 71.
(pdftex.def)             Requested size: 361.34912pt x 252.94438pt.


LaTeX Warning: Reference `fig:photonxsec' on page 7 undefined on input line 75.


LaTeX Warning: Citation `Leo' on page 7 undefined on input line 77.


Underfull \vbox (badness 10000) has occurred while \output is active []

pdfTeX warning (ext4): destination with the same identifier (name{page.7}) has been already used, duplicate ignored
<to be read again> 
                   \relax 
l.78 \begin{equation}
                     \label{eq:bethebloch} [7 </Users/alex/Master/contents/images/photonxsec-eps-converted-to.pdf>]
LaTeX Font Info:    Try loading font information for OMS+aer on input line 83.
 (/usr/local/texlive/2011/texmf-dist/tex/latex/ae/omsaer.fd
File: omsaer.fd 1999/12/27
)
LaTeX Font Info:    Font shape `OMS/aer/m/n' in size <10.95> not available
(Font)              Font shape `OMS/cmsy/m/n' tried instead on input line 83.


LaTeX Warning: Reference `eq:bethebloch' on page 8 undefined on input line 92.


LaTeX Warning: Citation `Leo' on page 8 undefined on input line 92.


LaTeX Warning: Reference `eq:bethe' on page 8 undefined on input line 103.

pdfTeX warning (ext4): destination with the same identifier (name{page.8}) has been already used, duplicate ignored
<to be read again> 
                   \relax 
l.104 \begin{equation}
                       [8]

LaTeX Warning: Citation `Alper' on page 9 undefined on input line 110.


LaTeX Warning: Reference `fig:DNABreaks' on page 9 undefined on input line 110.

Package epstopdf Info: Source file: </Users/alex/Master/contents/images/DNABreaks.eps>
(epstopdf)                    date: 2012-03-14 11:22:23
(epstopdf)                    size: 956090 bytes
(epstopdf)             Output file: </Users/alex/Master/contents/images/DNABreaks-eps-converted-to.pdf>
(epstopdf)                    date: 2012-03-19 17:23:14
(epstopdf)                    size: 65458 bytes
(epstopdf)             Command: <epstopdf --outfile=/Users/alex/Master/contents/images/DNABreaks-eps-converted-to.pdf /Users/alex/Master/contents/images/DNABreaks.eps>
(epstopdf)             \includegraphics on input line 113.
Package epstopdf Info: Output file is already uptodate.
</Users/alex/Master/contents/images/DNABreaks-eps-converted-to.pdf, id=137, 577.15625pt x 323.2075pt>
File: /Users/alex/Master/contents/images/DNABreaks-eps-converted-to.pdf Graphic file (type pdf)
 <use /Users/alex/Master/contents/images/DNABreaks-eps-converted-to.pdf>
Package pdftex.def Info: /Users/alex/Master/contents/images/DNABreaks-eps-converted-to.pdf used on input line 113.
(pdftex.def)             Requested size: 404.0066pt x 226.2437pt.


LaTeX Warning: Citation `FreseThesis' on page 9 undefined on input line 114.


LaTeX Warning: Citation `FreseThesis' on page 9 undefined on input line 114.


LaTeX Warning: Citation `Hall' on page 9 undefined on input line 118.


Underfull \vbox (badness 10000) has occurred while \output is active []

 [9]

LaTeX Warning: Citation `pmid9343102' on page 10 undefined on input line 122.


LaTeX Warning: Reference `tab:oartissueparameter' on page 10 undefined on input line 126.


LaTeX Warning: Reference `tab:tumortissueparameter' on page 10 undefined on input line 126.


LaTeX Warning: Citation `CronqvistThesis' on page 10 undefined on input line 136.


LaTeX Warning: Citation `pmid10524409' on page 10 undefined on input line 147.


LaTeX Warning: Citation `pmid12413669' on page 10 undefined on input line 148.


LaTeX Warning: Citation `pmid11704314' on page 10 undefined on input line 149.


LaTeX Warning: Citation `pmid18243570' on page 10 undefined on input line 150.


LaTeX Warning: Citation `pmid7836089' on page 10 undefined on input line 151.


LaTeX Warning: Citation `pmid18363426' on page 10 undefined on input line 166.


LaTeX Warning: Citation `CronqvistThesis' on page 10 undefined on input line 167.


LaTeX Warning: Citation `pmid11025645' on page 10 undefined on input line 169.


LaTeX Warning: Citation `pmid11098906' on page 10 undefined on input line 172.


LaTeX Warning: Citation `pmid10435801' on page 10 undefined on input line 173.


LaTeX Warning: Citation `pmid7836089' on page 10 undefined on input line 174.


Underfull \vbox (badness 10000) has occurred while \output is active []

 [10 </Users/alex/Master/contents/images/DNABreaks-eps-converted-to.pdf>]
Missing character: There is no Ã in font cmr10!
Missing character: There is no ¥ in font cmr10!


LaTeX Warning: Citation `petry' on page 11 undefined on input line 190.


LaTeX Warning: Citation `mottram' on page 11 undefined on input line 190.


LaTeX Warning: Citation `pmid13106296' on page 11 undefined on input line 190.


Underfull \vbox (badness 10000) has occurred while \output is active []

 [11]

LaTeX Warning: Citation `Hall' on page 12 undefined on input line 194.

[12]

LaTeX Warning: Citation `pmid15183486' on page 13 undefined on input line 198.

Package epstopdf Info: Source file: </Users/alex/Master/contents/images/HIFAlpha.eps>
(epstopdf)                    date: 2012-03-19 23:17:53
(epstopdf)                    size: 1176910 bytes
(epstopdf)             Output file: </Users/alex/Master/contents/images/HIFAlpha-eps-converted-to.pdf>
(epstopdf)                    date: 2012-03-20 14:34:10
(epstopdf)                    size: 43091 bytes
(epstopdf)             Command: <epstopdf --outfile=/Users/alex/Master/contents/images/HIFAlpha-eps-converted-to.pdf /Users/alex/Master/contents/images/HIFAlpha.eps>
(epstopdf)             \includegraphics on input line 202.
Package epstopdf Info: Output file is already uptodate.
</Users/alex/Master/contents/images/HIFAlpha-eps-converted-to.pdf, id=427, 559.08875pt x 559.08875pt>
File: /Users/alex/Master/contents/images/HIFAlpha-eps-converted-to.pdf Graphic file (type pdf)
 <use /Users/alex/Master/contents/images/HIFAlpha-eps-converted-to.pdf>
Package pdftex.def Info: /Users/alex/Master/contents/images/HIFAlpha-eps-converted-to.pdf used on input line 202.
(pdftex.def)             Requested size: 223.63153pt x 223.63153pt.


LaTeX Warning: Citation `pmid18523070' on page 13 undefined on input line 203.


LaTeX Warning: Citation `pmid18523070' on page 13 undefined on input line 203.


LaTeX Warning: Citation `pmid13130303' on page 13 undefined on input line 206.

[13]

LaTeX Warning: Reference `fig:HIFAlpha' on page 14 undefined on input line 211.


LaTeX Warning: Citation `Simon' on page 14 undefined on input line 211.


LaTeX Warning: Citation `pmid14516104' on page 14 undefined on input line 211.

[14 </Users/alex/Master/contents/images/HIFAlpha-eps-converted-to.pdf>]

LaTeX Warning: Citation `pmid17022202' on page 15 undefined on input line 213.


LaTeX Warning: Citation `pmid21871003' on page 15 undefined on input line 213.


LaTeX Warning: Citation `pmid18363426' on page 15 undefined on input line 217.


LaTeX Warning: Citation `pmid21183291' on page 15 undefined on input line 217.


LaTeX Warning: Reference `fig:HRFModel' on page 15 undefined on input line 221.


LaTeX Warning: Citation `pmid5067983' on page 15 undefined on input line 221.


LaTeX Warning: Citation `pmid21183291' on page 15 undefined on input line 231.


LaTeX Warning: Citation `pmid7410133' on page 15 undefined on input line 231.


LaTeX Warning: Citation `pmid6718689' on page 15 undefined on input line 231.


LaTeX Warning: Citation `pmid412319' on page 15 undefined on input line 231.


LaTeX Warning: Citation `pmid17022202' on page 15 undefined on input line 231.


LaTeX Warning: Citation `pmid4616914' on page 15 undefined on input line 232.


LaTeX Warning: Citation `pmid1084867' on page 15 undefined on input line 234.


LaTeX Warning: Citation `pmid9146699' on page 15 undefined on input line 236.


LaTeX Warning: Citation `pmid412319' on page 15 undefined on input line 236.


LaTeX Warning: Citation `pmid6718689' on page 15 undefined on input line 236.


LaTeX Warning: Reference `fig:HRFModel' on page 15 undefined on input line 240.


LaTeX Warning: Reference `fig:HRFModel' on page 15 undefined on input line 240.

Package epstopdf Info: Source file: </Users/alex/Master/contents/images/HRFModel.eps>
(epstopdf)                    date: 2012-03-15 11:29:33
(epstopdf)                    size: 23047 bytes
(epstopdf)             Output file: </Users/alex/Master/contents/images/HRFModel-eps-converted-to.pdf>
(epstopdf)                    date: 2012-03-19 18:43:10
(epstopdf)                    size: 8834 bytes
(epstopdf)             Command: <epstopdf --outfile=/Users/alex/Master/contents/images/HRFModel-eps-converted-to.pdf /Users/alex/Master/contents/images/HRFModel.eps>
(epstopdf)             \includegraphics on input line 245.
Package epstopdf Info: Output file is already uptodate.
</Users/alex/Master/contents/images/HRFModel-eps-converted-to.pdf, id=544, 361.35pt x 252.945pt>
File: /Users/alex/Master/contents/images/HRFModel-eps-converted-to.pdf Graphic file (type pdf)
 <use /Users/alex/Master/contents/images/HRFModel-eps-converted-to.pdf>
Package pdftex.def Info: /Users/alex/Master/contents/images/HRFModel-eps-converted-to.pdf used on input line 245.
(pdftex.def)             Requested size: 361.34912pt x 252.94438pt.


LaTeX Warning: Citation `pmid21183291' on page 15 undefined on input line 246.


LaTeX Warning: Reference `chapter:6' on page 15 undefined on input line 246.


LaTeX Warning: Citation `pmid21183291' on page 15 undefined on input line 246.


LaTeX Warning: Reference `chapter:6' on page 15 undefined on input line 246.


LaTeX Warning: Reference `tab:modelparameter' on page 15 undefined on input line 249.


LaTeX Warning: Citation `pmid21183291' on page 15 undefined on input line 249.


LaTeX Warning: Citation `pmid4616914' on page 15 undefined on input line 249.


LaTeX Warning: Citation `pmid1084867' on page 15 undefined on input line 249.


LaTeX Warning: Reference `tab:modelparameter' on page 15 undefined on input line 249.

[15]
Underfull \vbox (badness 10000) has occurred while \output is active []

 [16]

LaTeX Warning: Reference `appendix:a' on page 17 undefined on input line 259.


LaTeX Warning: Reference `tab:modelparameter' on page 17 undefined on input line 263.


LaTeX Warning: Citation `pmid21183291' on page 17 undefined on input line 264.

[17 </Users/alex/Master/contents/images/HRFModel-eps-converted-to.pdf>]

LaTeX Warning: Citation `pmid7146095' on page 18 undefined on input line 272.


LaTeX Warning: Citation `pmid2682694' on page 18 undefined on input line 272.


LaTeX Warning: Citation `pmid16790913' on page 18 undefined on input line 272.


LaTeX Warning: Reference `chap:objectivefunctions' on page 18 undefined on input line 272.


LaTeX Warning: Citation `pmid2243845' on page 18 undefined on input line 272.


LaTeX Warning: Citation `Convery_Rosebloom_1992' on page 18 undefined on input line 272.


LaTeX Warning: Citation `pmid8690638' on page 18 undefined on input line 272.


LaTeX Warning: Citation `pmid10071883' on page 18 undefined on input line 272.


LaTeX Warning: Citation `nill' on page 18 undefined on input line 274.


Underfull \vbox (badness 1924) has occurred while \output is active []

 [18]

LaTeX Warning: Citation `pmid16757867' on page 19 undefined on input line 278.


LaTeX Warning: Citation `pmid15285249' on page 19 undefined on input line 278.


LaTeX Warning: Citation `pmid15789592' on page 19 undefined on input line 278.


LaTeX Warning: Citation `Byrd_Lu_Nocedal_Zhu_1994' on page 19 undefined on input line 278.


LaTeX Warning: Citation `pmid11444513' on page 19 undefined on input line 285.

[19]

LaTeX Warning: Citation `nill' on page 20 undefined on input line 293.


LaTeX Warning: Reference `eq:betadose' on page 20 undefined on input line 295.


LaTeX Warning: Citation `pmid7413933' on page 20 undefined on input line 295.


LaTeX Warning: Citation `pmid16757867' on page 20 undefined on input line 295.


LaTeX Warning: Citation `pmid16757867' on page 20 undefined on input line 299.


LaTeX Warning: Citation `FreseThesis' on page 20 undefined on input line 304.


Underfull \vbox (badness 10000) has occurred while \output is active []

 [20]) [21] [22

]
Chapter 3.
(./contents/chapters/chapter-3.tex

Package hyperref Warning: Token not allowed in a PDF string (PDFDocEncoding):
(hyperref)                removing `math shift' on input line 4.


Package hyperref Warning: Token not allowed in a PDF string (PDFDocEncoding):
(hyperref)                removing `\beta' on input line 4.


Package hyperref Warning: Token not allowed in a PDF string (PDFDocEncoding):
(hyperref)                removing `superscript' on input line 4.


Package hyperref Warning: Token not allowed in a PDF string (PDFDocEncoding):
(hyperref)                removing `\pm' on input line 4.


Package hyperref Warning: Token not allowed in a PDF string (PDFDocEncoding):
(hyperref)                removing `math shift' on input line 4.


LaTeX Warning: Citation `?' on page 23 undefined on input line 5.


LaTeX Warning: Citation `?' on page 23 undefined on input line 5.


LaTeX Warning: Citation `PDG' on page 23 undefined on input line 7.

[23]

LaTeX Warning: Citation `PDG' on page 24 undefined on input line 12.

Package epstopdf Info: Source file: </Users/alex/Master/contents/images/Coincidence.eps>
(epstopdf)                    date: 2012-03-14 12:16:56
(epstopdf)                    size: 1717190 bytes
(epstopdf)             Output file: </Users/alex/Master/contents/images/Coincidence-eps-converted-to.pdf>
(epstopdf)                    date: 2012-03-19 17:19:05
(epstopdf)                    size: 202978 bytes
(epstopdf)             Command: <epstopdf --outfile=/Users/alex/Master/contents/images/Coincidence-eps-converted-to.pdf /Users/alex/Master/contents/images/Coincidence.eps>
(epstopdf)             \includegraphics on input line 24.
Package epstopdf Info: Output file is already uptodate.
</Users/alex/Master/contents/images/Coincidence-eps-converted-to.pdf, id=619, 561.09625pt x 593.21625pt>
File: /Users/alex/Master/contents/images/Coincidence-eps-converted-to.pdf Graphic file (type pdf)
 <use /Users/alex/Master/contents/images/Coincidence-eps-converted-to.pdf>
Package pdftex.def Info: /Users/alex/Master/contents/images/Coincidence-eps-converted-to.pdf used on input line 24.
(pdftex.def)             Requested size: 392.7647pt x 415.24854pt.


LaTeX Warning: Citation `Heitler' on page 24 undefined on input line 29.


LaTeX Warning: Citation `PDG' on page 24 undefined on input line 29.


LaTeX Warning: Citation `PDG' on page 24 undefined on input line 29.


LaTeX Warning: Citation `Musiol' on page 24 undefined on input line 29.


LaTeX Warning: Reference `fig:coincidence' on page 24 undefined on input line 29.

[24] [25 </Users/alex/Master/contents/images/Coincidence-eps-converted-to.pdf>]

LaTeX Warning: Citation `Cherry' on page 26 undefined on input line 36.

[26]
Package epstopdf Info: Source file: </Users/alex/Master/contents/images/FMISO.eps>
(epstopdf)                    date: 2012-03-19 18:24:49
(epstopdf)                    size: 478298 bytes
(epstopdf)             Output file: </Users/alex/Master/contents/images/FMISO-eps-converted-to.pdf>
(epstopdf)                    date: 2012-03-19 18:24:55
(epstopdf)                    size: 13148 bytes
(epstopdf)             Command: <epstopdf --outfile=/Users/alex/Master/contents/images/FMISO-eps-converted-to.pdf /Users/alex/Master/contents/images/FMISO.eps>
(epstopdf)             \includegraphics on input line 44.
Package epstopdf Info: Output file is already uptodate.
 </Users/alex/Master/contents/images/FMISO-eps-converted-to.pdf, id=977, 131.49126pt x 111.41624pt>
File: /Users/alex/Master/contents/images/FMISO-eps-converted-to.pdf Graphic file (type pdf)
 <use /Users/alex/Master/contents/images/FMISO-eps-converted-to.pdf>
Package pdftex.def Info: /Users/alex/Master/contents/images/FMISO-eps-converted-to.pdf used on input line 44.
(pdftex.def)             Requested size: 131.49092pt x 111.41597pt.
Package epstopdf Info: Source file: </Users/alex/Master/contents/images/FDG.eps>
(epstopdf)                    date: 2012-03-19 18:27:47
(epstopdf)                    size: 263482 bytes
(epstopdf)             Output file: </Users/alex/Master/contents/images/FDG-eps-converted-to.pdf>
(epstopdf)                    date: 2012-03-19 18:28:16
(epstopdf)                    size: 12747 bytes
(epstopdf)             Command: <epstopdf --outfile=/Users/alex/Master/contents/images/FDG-eps-converted-to.pdf /Users/alex/Master/contents/images/FDG.eps>
(epstopdf)             \includegraphics on input line 48.
Package epstopdf Info: Output file is already uptodate.
 </Users/alex/Master/contents/images/FDG-eps-converted-to.pdf, id=978, 101.37875pt x 126.4725pt>
File: /Users/alex/Master/contents/images/FDG-eps-converted-to.pdf Graphic file (type pdf)
 <use /Users/alex/Master/contents/images/FDG-eps-converted-to.pdf>
Package pdftex.def Info: /Users/alex/Master/contents/images/FDG-eps-converted-to.pdf used on input line 48.
(pdftex.def)             Requested size: 101.3785pt x 126.47218pt.
Package epstopdf Info: Source file: </Users/alex/Master/contents/images/CuATSM.eps>
(epstopdf)                    date: 2012-03-14 12:17:30
(epstopdf)                    size: 17492 bytes
(epstopdf)             Output file: </Users/alex/Master/contents/images/CuATSM-eps-converted-to.pdf>
(epstopdf)                    date: 2012-03-19 18:29:20
(epstopdf)                    size: 4753 bytes
(epstopdf)             Command: <epstopdf --outfile=/Users/alex/Master/contents/images/CuATSM-eps-converted-to.pdf /Users/alex/Master/contents/images/CuATSM.eps>
(epstopdf)             \includegraphics on input line 52.
Package epstopdf Info: Output file is already uptodate.
 </Users/alex/Master/contents/images/CuATSM-eps-converted-to.pdf, id=979, 161.60374pt x 157.58875pt>
File: /Users/alex/Master/contents/images/CuATSM-eps-converted-to.pdf Graphic file (type pdf)
 <use /Users/alex/Master/contents/images/CuATSM-eps-converted-to.pdf>
Package pdftex.def Info: /Users/alex/Master/contents/images/CuATSM-eps-converted-to.pdf used on input line 52.
(pdftex.def)             Requested size: 161.60335pt x 157.58835pt.
Package epstopdf Info: Source file: </Users/alex/Master/contents/images/FAZA.eps>
(epstopdf)                    date: 2012-03-14 12:17:30
(epstopdf)                    size: 15980 bytes
(epstopdf)             Output file: </Users/alex/Master/contents/images/FAZA-eps-converted-to.pdf>
(epstopdf)                    date: 2012-03-19 18:31:04
(epstopdf)                    size: 4193 bytes
(epstopdf)             Command: <epstopdf --outfile=/Users/alex/Master/contents/images/FAZA-eps-converted-to.pdf /Users/alex/Master/contents/images/FAZA.eps>
(epstopdf)             \includegraphics on input line 55.
Package epstopdf Info: Output file is already uptodate.
 </Users/alex/Master/contents/images/FAZA-eps-converted-to.pdf, id=980, 151.56625pt x 119.44624pt>
File: /Users/alex/Master/contents/images/FAZA-eps-converted-to.pdf Graphic file (type pdf)
 <use /Users/alex/Master/contents/images/FAZA-eps-converted-to.pdf>
Package pdftex.def Info: /Users/alex/Master/contents/images/FAZA-eps-converted-to.pdf used on input line 55.
(pdftex.def)             Requested size: 151.56587pt x 119.44594pt.
Package epstopdf Info: Source file: </Users/alex/Master/contents/images/FETA.eps>
(epstopdf)                    date: 2012-03-14 12:17:30
(epstopdf)                    size: 16074 bytes
(epstopdf)             Output file: </Users/alex/Master/contents/images/FETA-eps-converted-to.pdf>
(epstopdf)                    date: 2012-03-19 18:31:05
(epstopdf)                    size: 3990 bytes
(epstopdf)             Command: <epstopdf --outfile=/Users/alex/Master/contents/images/FETA-eps-converted-to.pdf /Users/alex/Master/contents/images/FETA.eps>
(epstopdf)             \includegraphics on input line 59.
Package epstopdf Info: Output file is already uptodate.
 </Users/alex/Master/contents/images/FETA-eps-converted-to.pdf, id=981, 102.3825pt x 215.80624pt>
File: /Users/alex/Master/contents/images/FETA-eps-converted-to.pdf Graphic file (type pdf)
 <use /Users/alex/Master/contents/images/FETA-eps-converted-to.pdf>
Package pdftex.def Info: /Users/alex/Master/contents/images/FETA-eps-converted-to.pdf used on input line 59.
(pdftex.def)             Requested size: 102.38225pt x 215.80571pt.
Package epstopdf Info: Source file: </Users/alex/Master/contents/images/FETNIM.eps>
(epstopdf)                    date: 2012-03-14 12:17:30
(epstopdf)                    size: 16107 bytes
(epstopdf)             Output file: </Users/alex/Master/contents/images/FETNIM-eps-converted-to.pdf>
(epstopdf)                    date: 2012-03-19 18:31:05
(epstopdf)                    size: 4055 bytes
(epstopdf)             Command: <epstopdf --outfile=/Users/alex/Master/contents/images/FETNIM-eps-converted-to.pdf /Users/alex/Master/contents/images/FETNIM.eps>
(epstopdf)             \includegraphics on input line 63.
Package epstopdf Info: Output file is already uptodate.
 </Users/alex/Master/contents/images/FETNIM-eps-converted-to.pdf, id=982, 132.495pt x 189.70876pt>
File: /Users/alex/Master/contents/images/FETNIM-eps-converted-to.pdf Graphic file (type pdf)
 <use /Users/alex/Master/contents/images/FETNIM-eps-converted-to.pdf>
Package pdftex.def Info: /Users/alex/Master/contents/images/FETNIM-eps-converted-to.pdf used on input line 63.
(pdftex.def)             Requested size: 132.49466pt x 189.70828pt.


LaTeX Warning: Citation `pmid8234714' on page 27 undefined on input line 71.


LaTeX Warning: Citation `pmid8271040' on page 27 undefined on input line 71.


LaTeX Warning: Reference `fig:hypoxiatracer' on page 27 undefined on input line 71.

Package epstopdf Info: Source file: </Users/alex/Master/contents/images/MISORetention.eps>
(epstopdf)                    date: 2012-03-20 14:30:06
(epstopdf)                    size: 17525 bytes
(epstopdf)             Output file: </Users/alex/Master/contents/images/MISORetention-eps-converted-to.pdf>
(epstopdf)                    date: 2012-03-20 14:36:46
(epstopdf)                    size: 8344 bytes
(epstopdf)             Command: <epstopdf --outfile=/Users/alex/Master/contents/images/MISORetention-eps-converted-to.pdf /Users/alex/Master/contents/images/MISORetention.eps>
(epstopdf)             \includegraphics on input line 75.
Package epstopdf Info: Output file is already uptodate.
</Users/alex/Master/contents/images/MISORetention-eps-converted-to.pdf, id=983, 374.39874pt x 247.92625pt>
File: /Users/alex/Master/contents/images/MISORetention-eps-converted-to.pdf Graphic file (type pdf)
 <use /Users/alex/Master/contents/images/MISORetention-eps-converted-to.pdf>
Package pdftex.def Info: /Users/alex/Master/contents/images/MISORetention-eps-converted-to.pdf used on input line 75.
(pdftex.def)             Requested size: 374.39783pt x 247.92564pt.


LaTeX Warning: Citation `pmid18523070' on page 27 undefined on input line 77.


LaTeX Warning: Citation `pmid18523070' on page 27 undefined on input line 77.


Underfull \vbox (badness 3039) has occurred while \output is active []

 [27] [28 </Users/alex/Master/contents/images/FMISO-eps-converted-to.pdf> </Users/alex/Master/contents/images/FDG-eps-converted-to.pdf> </Users/alex/Master/contents/images/CuATSM-eps-converted-to.pdf> </Users/alex/Master/contents/images/FAZA-eps-converted-to.pdf> </Users/alex/Master/contents/images/FETA-eps-converted-to.pdf> </Users/alex/Master/contents/images/FETNIM-eps-converted-to.pdf>]

LaTeX Warning: Reference `fig:MISORetention' on page 29 undefined on input line 80.


LaTeX Warning: Citation `pmid18523070' on page 29 undefined on input line 80.


LaTeX Warning: Citation `pmid18523070' on page 29 undefined on input line 80.


LaTeX Warning: Reference `chap:eppendorf' on page 29 undefined on input line 80.

[29 </Users/alex/Master/contents/images/MISORetention-eps-converted-to.pdf>]

LaTeX Warning: Citation `pmid18682937' on page 30 undefined on input line 82.


LaTeX Warning: Citation `pmid17400370' on page 30 undefined on input line 82.


LaTeX Warning: Citation `pmid9662602' on page 30 undefined on input line 84.


LaTeX Warning: Citation `pmid16741309' on page 30 undefined on input line 84.


LaTeX Warning: Citation `pmid12831991' on page 30 undefined on input line 84.


LaTeX Warning: Citation `pmid12745023' on page 30 undefined on input line 86.


LaTeX Warning: Citation `pmid18313528' on page 30 undefined on input line 86.


Underfull \vbox (badness 1237) has occurred while \output is active []

 [30]

LaTeX Warning: Citation `pmid15150578' on page 31 undefined on input line 87.


LaTeX Warning: Citation `pmid7862981' on page 31 undefined on input line 88.


LaTeX Warning: Citation `pmid14722675' on page 31 undefined on input line 88.


LaTeX Warning: Citation `pmid10688119' on page 31 undefined on input line 89.


LaTeX Warning: Citation `pmid17334763' on page 31 undefined on input line 89.


LaTeX Warning: Citation `pmid12552344' on page 31 undefined on input line 89.


LaTeX Warning: Citation `pmid18997048' on page 31 undefined on input line 89.

Package epstopdf Info: Source file: </Users/alex/Master/contents/images/pO2Model.eps>
(epstopdf)                    date: 2012-03-19 19:01:23
(epstopdf)                    size: 22246 bytes
(epstopdf)             Output file: </Users/alex/Master/contents/images/pO2Model-eps-converted-to.pdf>
(epstopdf)                    date: 2012-03-19 19:01:26
(epstopdf)                    size: 8019 bytes
(epstopdf)             Command: <epstopdf --outfile=/Users/alex/Master/contents/images/pO2Model-eps-converted-to.pdf /Users/alex/Master/contents/images/pO2Model.eps>
(epstopdf)             \includegraphics on input line 93.
Package epstopdf Info: Output file is already uptodate.
</Users/alex/Master/contents/images/pO2Model-eps-converted-to.pdf, id=1055, 361.35pt x 252.945pt>
File: /Users/alex/Master/contents/images/pO2Model-eps-converted-to.pdf Graphic file (type pdf)
 <use /Users/alex/Master/contents/images/pO2Model-eps-converted-to.pdf>
Package pdftex.def Info: /Users/alex/Master/contents/images/pO2Model-eps-converted-to.pdf used on input line 93.
(pdftex.def)             Requested size: 361.34912pt x 252.94438pt.


LaTeX Warning: Citation `pmid19994538' on page 31 undefined on input line 95.


LaTeX Warning: Citation `pmid19994538' on page 31 undefined on input line 95.


LaTeX Warning: Citation `pmid19994538' on page 31 undefined on input line 98.

[31]

LaTeX Warning: Citation `pmid19994538' on page 32 undefined on input line 102.


LaTeX Warning: Citation `pmid21843774' on page 32 undefined on input line 106.


Underfull \vbox (badness 10000) has occurred while \output is active []

 [32 </Users/alex/Master/contents/images/pO2Model-eps-converted-to.pdf>]

LaTeX Warning: Citation `pmid11150699' on page 33 undefined on input line 114.


LaTeX Warning: Citation `pmid19994538' on page 33 undefined on input line 118.


LaTeX Warning: Citation `pmid19994538' on page 33 undefined on input line 118.


Underfull \vbox (badness 10000) has occurred while \output is active []

 [33]

LaTeX Warning: Citation `pmid16104907' on page 34 undefined on input line 120.


LaTeX Warning: Citation `pmid16841141' on page 34 undefined on input line 120.


LaTeX Warning: Citation `pmid17598907' on page 34 undefined on input line 120.


LaTeX Warning: Citation `pmid15480509' on page 34 undefined on input line 120.


LaTeX Warning: Citation `pmid8892467' on page 34 undefined on input line 120.


LaTeX Warning: Citation `pmid17598907' on page 34 undefined on input line 120.


LaTeX Warning: Citation `pmid12865184' on page 34 undefined on input line 120.


LaTeX Warning: Citation `pmid20831480' on page 34 undefined on input line 120.


LaTeX Warning: Reference `chap:tracers' on page 34 undefined on input line 122.


LaTeX Warning: Reference `fig:eppendorf' on page 34 undefined on input line 122.


LaTeX Warning: Citation `pmid8018370' on page 34 undefined on input line 122.

Package epstopdf Info: Source file: </Users/alex/Master/contents/images/eppendorf.eps>
(epstopdf)                    date: 2012-03-22 08:46:10
(epstopdf)                    size: 3512877 bytes
(epstopdf)             Output file: </Users/alex/Master/contents/images/eppendorf-eps-converted-to.pdf>
(epstopdf)                    date: 2012-03-22 08:51:23
(epstopdf)                    size: 155976 bytes
(epstopdf)             Command: <epstopdf --outfile=/Users/alex/Master/contents/images/eppendorf-eps-converted-to.pdf /Users/alex/Master/contents/images/eppendorf.eps>
(epstopdf)             \includegraphics on input line 125.
Package epstopdf Info: Output file is already uptodate.
</Users/alex/Master/contents/images/eppendorf-eps-converted-to.pdf, id=1087, 279.0425pt x 142.5325pt>
File: /Users/alex/Master/contents/images/eppendorf-eps-converted-to.pdf Graphic file (type pdf)
 <use /Users/alex/Master/contents/images/eppendorf-eps-converted-to.pdf>
Package pdftex.def Info: /Users/alex/Master/contents/images/eppendorf-eps-converted-to.pdf used on input line 125.
(pdftex.def)             Requested size: 334.8493pt x 171.03812pt.


LaTeX Warning: Citation `pmid8018370' on page 34 undefined on input line 127.


LaTeX Warning: Citation `pmid11352767' on page 34 undefined on input line 127.


LaTeX Warning: Citation `pmid8018370' on page 34 undefined on input line 127.


LaTeX Warning: Citation `pmid11352767' on page 34 undefined on input line 127.


Underfull \vbox (badness 10000) has occurred while \output is active []

 [34]

LaTeX Warning: Citation `pmid17674980' on page 35 undefined on input line 131.


Underfull \vbox (badness 10000) has occurred while \output is active []

 [35]

LaTeX Warning: Citation `pmid20855118' on page 36 undefined on input line 135.


LaTeX Warning: Citation `pmid11240261' on page 36 undefined on input line 135.


LaTeX Warning: Citation `pmid17869020' on page 36 undefined on input line 135.


LaTeX Warning: Citation `pmid19203843' on page 36 undefined on input line 135.


LaTeX Warning: Citation `pmid20855118' on page 36 undefined on input line 135.


LaTeX Warning: Citation `pmid11240261' on page 36 undefined on input line 135.


LaTeX Warning: Citation `pmid17869020' on page 36 undefined on input line 135.

[36 </Users/alex/Master/contents/images/eppendorf-eps-converted-to.pdf>]

LaTeX Warning: Citation `pmid12587912' on page 37 undefined on input line 139.

[37]

LaTeX Warning: Citation `pmid21356478' on page 38 undefined on input line 148.


LaTeX Warning: Reference `eq:bentzen' on page 38 undefined on input line 152.


LaTeX Warning: Citation `pmid20643512' on page 38 undefined on input line 152.


LaTeX Warning: Citation `pmid21742392' on page 38 undefined on input line 152.


LaTeX Warning: Reference `eq:bentzen' on page 38 undefined on input line 152.


LaTeX Warning: Reference `eq:alber' on page 38 undefined on input line 152.


LaTeX Warning: Citation `pmid18635895' on page 38 undefined on input line 152.


LaTeX Warning: Citation `pmid19218733' on page 38 undefined on input line 157.


Underfull \vbox (badness 10000) has occurred while \output is active []

 [38]

LaTeX Warning: Citation `pmid17921573' on page 39 undefined on input line 162.


LaTeX Warning: Citation `pmid17921573' on page 39 undefined on input line 163.

[39]

LaTeX Warning: Citation `pmid17448882' on page 40 undefined on input line 165.


LaTeX Warning: Citation `pmid15876662' on page 40 undefined on input line 165.


LaTeX Warning: Citation `pmid16321146' on page 40 undefined on input line 165.


LaTeX Warning: Citation `pmid18524387' on page 40 undefined on input line 173.


Underfull \vbox (badness 1158) has occurred while \output is active []

 [40]

LaTeX Warning: Citation `pmid17674980' on page 41 undefined on input line 179.


LaTeX Warning: Reference `chap:otherhypoxiamethods' on page 41 undefined on input line 179.


LaTeX Warning: Citation `pmid19928068' on page 41 undefined on input line 179.

[41]

LaTeX Warning: Reference `eq:changmodel' on page 42 undefined on input line 183.


LaTeX Warning: Reference `eq:hrfmodel' on page 42 undefined on input line 183.


LaTeX Warning: Reference `eq:dosecompensation' on page 42 undefined on input line 187.


LaTeX Warning: Reference `chapter:4' on page 42 undefined on input line 187.


LaTeX Warning: Citation `pmid21511351' on page 42 undefined on input line 189.


LaTeX Warning: Reference `tab:po2parameter' on page 42 undefined on input line 189.


LaTeX Warning: Reference `chap:hypoxiacorrelation' on page 42 undefined on input line 189.

[42]

LaTeX Warning: Reference `chap:tumourhypoxia' on page 43 undefined on input line 193.


LaTeX Warning: Citation `pmid9797698' on page 43 undefined on input line 195.


LaTeX Warning: Citation `pmid9783887' on page 43 undefined on input line 195.


LaTeX Warning: Citation `pmid9765692' on page 43 undefined on input line 205.


LaTeX Warning: Citation `pmid8453553' on page 43 undefined on input line 208.


LaTeX Warning: Citation `pmid9797698' on page 43 undefined on input line 209.


LaTeX Warning: Citation `pmid16098619' on page 43 undefined on input line 211.


LaTeX Warning: Citation `pmid9783887' on page 43 undefined on input line 212.


LaTeX Warning: Reference `tab:suvparameter' on page 43 undefined on input line 226.

[43] [44]

LaTeX Warning: Reference `tab:po2parameter' on page 45 undefined on input line 229.


LaTeX Warning: Reference `eq:changmodel' on page 45 undefined on input line 230.


LaTeX Warning: Citation `pmid17543402' on page 45 undefined on input line 235.


LaTeX Warning: Reference `chap:reoxygenation' on page 45 undefined on input line 235.


LaTeX Warning: Citation `pmid17543402' on page 45 undefined on input line 245.


LaTeX Warning: Citation `pmid15480509' on page 45 undefined on input line 247.


LaTeX Warning: Citation `pmid18997048' on page 45 undefined on input line 248.


LaTeX Warning: Citation `pmid15234030' on page 45 undefined on input line 250.


LaTeX Warning: Citation `pmid18086391' on page 45 undefined on input line 253.


LaTeX Warning: Citation `pmid16920211' on page 45 undefined on input line 254.


Overfull \hbox (4.4478pt too wide) in paragraph at lines 239--259
 [][] 
 []


LaTeX Warning: Reference `chap:tumourhypoxia' on page 45 undefined on input line 263.


LaTeX Warning: Reference `chap:petimaging' on page 45 undefined on input line 263.

[45] [46]

LaTeX Warning: Citation `Sutherland' on page 47 undefined on input line 280.


LaTeX Warning: Reference `tab:HRFparameters' on page 47 undefined on input line 280.


LaTeX Warning: Reference `tab:HRFparameters' on page 47 undefined on input line 280.

[47] [48]) [49] [50

]
Chapter 4.
(./contents/chapters/chapter-4.tex

LaTeX Warning: Citation `pmid15685196' on page 51 undefined on input line 4.


LaTeX Warning: Citation `Brockenstein' on page 51 undefined on input line 4.


LaTeX Warning: Reference `chapt:clinicalimplementation' on page 51 undefined on input line 6.


Underfull \vbox (badness 10000) has occurred while \output is active []

 [51]

LaTeX Warning: Citation `HN06' on page 52 undefined on input line 8.


LaTeX Warning: Reference `chap:plancomparison' on page 52 undefined on input line 10.


LaTeX Warning: Reference `tab:patientgtv' on page 52 undefined on input line 12.


LaTeX Warning: Citation `HN06' on page 52 undefined on input line 12.


LaTeX Warning: Reference `appendix:b' on page 52 undefined on input line 12.


Overfull \hbox (1.94618pt too wide) in paragraph at lines 16--32
 [][] 
 []

[52]

LaTeX Warning: Reference `eq:dosecompensation' on page 53 undefined on input line 37.


LaTeX Warning: Reference `tab:po2parameter' on page 53 undefined on input line 37.


LaTeX Warning: Reference `tab:patientgtv' on page 53 undefined on input line 37.


LaTeX Warning: Reference `fig:DVH' on page 53 undefined on input line 37.

Package epstopdf Info: Source file: </Users/alex/Master/contents/images/DVH.eps>
(epstopdf)                    date: 2012-03-20 10:42:57
(epstopdf)                    size: 157810 bytes
(epstopdf)             Output file: </Users/alex/Master/contents/images/DVH-eps-converted-to.pdf>
(epstopdf)                    date: 2012-03-20 11:39:19
(epstopdf)                    size: 34392 bytes
(epstopdf)             Command: <epstopdf --outfile=/Users/alex/Master/contents/images/DVH-eps-converted-to.pdf /Users/alex/Master/contents/images/DVH.eps>
(epstopdf)             \includegraphics on input line 40.
Package epstopdf Info: Output file is already uptodate.
</Users/alex/Master/contents/images/DVH-eps-converted-to.pdf, id=1212, 505.89pt x 722.7pt>
File: /Users/alex/Master/contents/images/DVH-eps-converted-to.pdf Graphic file (type pdf)
 <use /Users/alex/Master/contents/images/DVH-eps-converted-to.pdf>
Package pdftex.def Info: /Users/alex/Master/contents/images/DVH-eps-converted-to.pdf used on input line 40.
(pdftex.def)             Requested size: 404.71254pt x 578.16078pt.


LaTeX Warning: Reference `tab:patientgtv' on page 53 undefined on input line 44.


LaTeX Warning: Reference `fig:R' on page 53 undefined on input line 44.

[53] [54] [55 </Users/alex/Master/contents/images/DVH-eps-converted-to.pdf>]
Package epstopdf Info: Source file: </Users/alex/Master/contents/images/R.eps>
(epstopdf)                    date: 2012-03-20 10:39:19
(epstopdf)                    size: 52984 bytes
(epstopdf)             Output file: </Users/alex/Master/contents/images/R-eps-converted-to.pdf>
(epstopdf)                    date: 2012-03-20 11:49:39
(epstopdf)                    size: 14598 bytes
(epstopdf)             Command: <epstopdf --outfile=/Users/alex/Master/contents/images/R-eps-converted-to.pdf /Users/alex/Master/contents/images/R.eps>
(epstopdf)             \includegraphics on input line 51.
Package epstopdf Info: Output file is already uptodate.
 </Users/alex/Master/contents/images/R-eps-converted-to.pdf, id=1235, 505.89pt x 722.7pt>
File: /Users/alex/Master/contents/images/R-eps-converted-to.pdf Graphic file (type pdf)
 <use /Users/alex/Master/contents/images/R-eps-converted-to.pdf>
Package pdftex.def Info: /Users/alex/Master/contents/images/R-eps-converted-to.pdf used on input line 51.
(pdftex.def)             Requested size: 404.71254pt x 578.16078pt.


LaTeX Warning: Reference `chap:plancomparison' on page 56 undefined on input line 57.


LaTeX Warning: Reference `fig:eDVH' on page 56 undefined on input line 57.


LaTeX Warning: Reference `fig:eDVH' on page 56 undefined on input line 57.

Package epstopdf Info: Source file: </Users/alex/Master/contents/images/eDVH.eps>
(epstopdf)                    date: 2012-03-20 10:31:50
(epstopdf)                    size: 102494 bytes
(epstopdf)             Output file: </Users/alex/Master/contents/images/eDVH-eps-converted-to.pdf>
(epstopdf)                    date: 2012-03-20 11:59:10
(epstopdf)                    size: 24699 bytes
(epstopdf)             Command: <epstopdf --outfile=/Users/alex/Master/contents/images/eDVH-eps-converted-to.pdf /Users/alex/Master/contents/images/eDVH.eps>
(epstopdf)             \includegraphics on input line 60.
Package epstopdf Info: Output file is already uptodate.
</Users/alex/Master/contents/images/eDVH-eps-converted-to.pdf, id=1236, 505.89pt x 722.7pt>
File: /Users/alex/Master/contents/images/eDVH-eps-converted-to.pdf Graphic file (type pdf)
 <use /Users/alex/Master/contents/images/eDVH-eps-converted-to.pdf>
Package pdftex.def Info: /Users/alex/Master/contents/images/eDVH-eps-converted-to.pdf used on input line 60.
(pdftex.def)             Requested size: 404.71254pt x 578.16078pt.

Underfull \vbox (badness 10000) has occurred while \output is active []

 [56] [57 </Users/alex/Master/contents/images/R-eps-converted-to.pdf>] [58] [59 </Users/alex/Master/contents/images/eDVH-eps-converted-to.pdf>]

LaTeX Warning: Reference `chapter:6' on page 60 undefined on input line 71.

[60]) [61] [62

]
Chapter 5.
(./contents/chapters/chapter-5.tex
Package epstopdf Info: Source file: </Users/alex/Master/contents/images/Para.eps>
(epstopdf)                    date: 2012-03-27 15:46:46
(epstopdf)                    size: 45998 bytes
(epstopdf)             Output file: </Users/alex/Master/contents/images/Para-eps-converted-to.pdf>
(epstopdf)                    date: 2012-03-27 15:48:33
(epstopdf)                    size: 18254 bytes
(epstopdf)             Command: <epstopdf --outfile=/Users/alex/Master/contents/images/Para-eps-converted-to.pdf /Users/alex/Master/contents/images/Para.eps>
(epstopdf)             \includegraphics on input line 4.
Package epstopdf Info: Output file is already uptodate.
 </Users/alex/Master/contents/images/Para-eps-converted-to.pdf, id=1285, 361.35pt x 252.945pt>
File: /Users/alex/Master/contents/images/Para-eps-converted-to.pdf Graphic file (type pdf)
 <use /Users/alex/Master/contents/images/Para-eps-converted-to.pdf>
Package pdftex.def Info: /Users/alex/Master/contents/images/Para-eps-converted-to.pdf used on input line 4.
(pdftex.def)             Requested size: 397.48624pt x 278.24036pt.


LaTeX Warning: Reference `fig:para' on page 63 undefined on input line 9.


LaTeX Warning: Reference `fig:uncertaintyimpact' on page 63 undefined on input line 11.

Package epstopdf Info: Source file: </Users/alex/Master/contents/images/K181m277.eps>
(epstopdf)                    date: 2012-03-20 13:25:58
(epstopdf)                    size: 56703 bytes
(epstopdf)             Output file: </Users/alex/Master/contents/images/K181m277-eps-converted-to.pdf>
(epstopdf)                    date: 2012-03-20 13:31:39
(epstopdf)                    size: 33444 bytes
(epstopdf)             Command: <epstopdf --outfile=/Users/alex/Master/contents/images/K181m277-eps-converted-to.pdf /Users/alex/Master/contents/images/K181m277.eps>
(epstopdf)             \includegraphics on input line 16.
Package epstopdf Info: Output file is already uptodate.
</Users/alex/Master/contents/images/K181m277-eps-converted-to.pdf, id=1286, 361.35pt x 252.945pt>
File: /Users/alex/Master/contents/images/K181m277-eps-converted-to.pdf Graphic file (type pdf)
 <use /Users/alex/Master/contents/images/K181m277-eps-converted-to.pdf>
Package pdftex.def Info: /Users/alex/Master/contents/images/K181m277-eps-converted-to.pdf used on input line 16.
(pdftex.def)             Requested size: 189.70607pt x 132.79425pt.
Package epstopdf Info: Source file: </Users/alex/Master/contents/images/K207m287.eps>
(epstopdf)                    date: 2012-03-20 13:25:57
(epstopdf)                    size: 58201 bytes
(epstopdf)             Output file: </Users/alex/Master/contents/images/K207m287-eps-converted-to.pdf>
(epstopdf)                    date: 2012-03-20 13:32:50
(epstopdf)                    size: 33941 bytes
(epstopdf)             Command: <epstopdf --outfile=/Users/alex/Master/contents/images/K207m287-eps-converted-to.pdf /Users/alex/Master/contents/images/K207m287.eps>
(epstopdf)             \includegraphics on input line 20.
Package epstopdf Info: Output file is already uptodate.
 </Users/alex/Master/contents/images/K207m287-eps-converted-to.pdf, id=1287, 361.35pt x 252.945pt>
File: /Users/alex/Master/contents/images/K207m287-eps-converted-to.pdf Graphic file (type pdf)
 <use /Users/alex/Master/contents/images/K207m287-eps-converted-to.pdf>
Package pdftex.def Info: /Users/alex/Master/contents/images/K207m287-eps-converted-to.pdf used on input line 20.
(pdftex.def)             Requested size: 189.70607pt x 132.79425pt.
Package epstopdf Info: Source file: </Users/alex/Master/contents/images/K181p1.eps>
(epstopdf)                    date: 2012-03-20 13:25:55
(epstopdf)                    size: 54359 bytes
(epstopdf)             Output file: </Users/alex/Master/contents/images/K181p1-eps-converted-to.pdf>
(epstopdf)                    date: 2012-03-20 13:35:06
(epstopdf)                    size: 31085 bytes
(epstopdf)             Command: <epstopdf --outfile=/Users/alex/Master/contents/images/K181p1-eps-converted-to.pdf /Users/alex/Master/contents/images/K181p1.eps>
(epstopdf)             \includegraphics on input line 24.
Package epstopdf Info: Output file is already uptodate.
 </Users/alex/Master/contents/images/K181p1-eps-converted-to.pdf, id=1288, 361.35pt x 252.945pt>
File: /Users/alex/Master/contents/images/K181p1-eps-converted-to.pdf Graphic file (type pdf)
 <use /Users/alex/Master/contents/images/K181p1-eps-converted-to.pdf>
Package pdftex.def Info: /Users/alex/Master/contents/images/K181p1-eps-converted-to.pdf used on input line 24.
(pdftex.def)             Requested size: 189.70607pt x 132.79425pt.
Package epstopdf Info: Source file: </Users/alex/Master/contents/images/K207p118.eps>
(epstopdf)                    date: 2012-03-20 13:25:56
(epstopdf)                    size: 50631 bytes
(epstopdf)             Output file: </Users/alex/Master/contents/images/K207p118-eps-converted-to.pdf>
(epstopdf)                    date: 2012-03-20 13:35:07
(epstopdf)                    size: 27997 bytes
(epstopdf)             Command: <epstopdf --outfile=/Users/alex/Master/contents/images/K207p118-eps-converted-to.pdf /Users/alex/Master/contents/images/K207p118.eps>
(epstopdf)             \includegraphics on input line 28.
Package epstopdf Info: Output file is already uptodate.
 </Users/alex/Master/contents/images/K207p118-eps-converted-to.pdf, id=1289, 361.35pt x 252.945pt>
File: /Users/alex/Master/contents/images/K207p118-eps-converted-to.pdf Graphic file (type pdf)
 <use /Users/alex/Master/contents/images/K207p118-eps-converted-to.pdf>
Package pdftex.def Info: /Users/alex/Master/contents/images/K207p118-eps-converted-to.pdf used on input line 28.
(pdftex.def)             Requested size: 189.70607pt x 132.79425pt.
Package epstopdf Info: Source file: </Users/alex/Master/contents/images/m277p118.eps>
(epstopdf)                    date: 2012-03-20 14:02:51
(epstopdf)                    size: 53760 bytes
(epstopdf)             Output file: </Users/alex/Master/contents/images/m277p118-eps-converted-to.pdf>
(epstopdf)                    date: 2012-03-20 14:03:54
(epstopdf)                    size: 26414 bytes
(epstopdf)             Command: <epstopdf --outfile=/Users/alex/Master/contents/images/m277p118-eps-converted-to.pdf /Users/alex/Master/contents/images/m277p118.eps>
(epstopdf)             \includegraphics on input line 31.
Package epstopdf Info: Output file is already uptodate.
 </Users/alex/Master/contents/images/m277p118-eps-converted-to.pdf, id=1290, 361.35pt x 252.945pt>
File: /Users/alex/Master/contents/images/m277p118-eps-converted-to.pdf Graphic file (type pdf)
 <use /Users/alex/Master/contents/images/m277p118-eps-converted-to.pdf>
Package pdftex.def Info: /Users/alex/Master/contents/images/m277p118-eps-converted-to.pdf used on input line 31.
(pdftex.def)             Requested size: 189.70607pt x 132.79425pt.
Package epstopdf Info: Source file: </Users/alex/Master/contents/images/m287p1.eps>
(epstopdf)                    date: 2012-03-20 14:02:53
(epstopdf)                    size: 55307 bytes
(epstopdf)             Output file: </Users/alex/Master/contents/images/m287p1-eps-converted-to.pdf>
(epstopdf)                    date: 2012-03-20 14:03:55
(epstopdf)                    size: 27836 bytes
(epstopdf)             Command: <epstopdf --outfile=/Users/alex/Master/contents/images/m287p1-eps-converted-to.pdf /Users/alex/Master/contents/images/m287p1.eps>
(epstopdf)             \includegraphics on input line 35.
Package epstopdf Info: Output file is already uptodate.
 </Users/alex/Master/contents/images/m287p1-eps-converted-to.pdf, id=1291, 361.35pt x 252.945pt>
File: /Users/alex/Master/contents/images/m287p1-eps-converted-to.pdf Graphic file (type pdf)
 <use /Users/alex/Master/contents/images/m287p1-eps-converted-to.pdf>
Package pdftex.def Info: /Users/alex/Master/contents/images/m287p1-eps-converted-to.pdf used on input line 35.
(pdftex.def)             Requested size: 189.70607pt x 132.79425pt.

Underfull \vbox (badness 10000) has occurred while \output is active []

 [63]

LaTeX Warning: Citation `pmid19994538' on page 64 undefined on input line 40.


LaTeX Warning: Reference `eq:gaugedchang' on page 64 undefined on input line 40.


LaTeX Warning: Citation `pmid19994538' on page 64 undefined on input line 40.

[64 </Users/alex/Master/contents/images/Para-eps-converted-to.pdf>] [65 </Users/alex/Master/contents/images/K181m277-eps-converted-to.pdf> </Users/alex/Master/contents/images/K207m287-eps-converted-to.pdf> </Users/alex/Master/contents/images/K181p1-eps-converted-to.pdf> </Users/alex/Master/contents/images/K207p118-eps-converted-to.pdf> </Users/alex/Master/contents/images/m277p118-eps-converted-to.pdf> </Users/alex/Master/contents/images/m287p1-eps-converted-to.pdf>] [66]

LaTeX Warning: Reference `fig:eDVHRobust' on page 67 undefined on input line 51.

Package epstopdf Info: Source file: </Users/alex/Master/contents/images/eDVHRobust.eps>
(epstopdf)                    date: 2012-03-20 15:32:19
(epstopdf)                    size: 177317 bytes
(epstopdf)             Output file: </Users/alex/Master/contents/images/eDVHRobust-eps-converted-to.pdf>
(epstopdf)                    date: 2012-03-20 15:33:08
(epstopdf)                    size: 34065 bytes
(epstopdf)             Command: <epstopdf --outfile=/Users/alex/Master/contents/images/eDVHRobust-eps-converted-to.pdf /Users/alex/Master/contents/images/eDVHRobust.eps>
(epstopdf)             \includegraphics on input line 54.
Package epstopdf Info: Output file is already uptodate.
</Users/alex/Master/contents/images/eDVHRobust-eps-converted-to.pdf, id=1374, 361.35pt x 252.945pt>
File: /Users/alex/Master/contents/images/eDVHRobust-eps-converted-to.pdf Graphic file (type pdf)
 <use /Users/alex/Master/contents/images/eDVHRobust-eps-converted-to.pdf>
Package pdftex.def Info: /Users/alex/Master/contents/images/eDVHRobust-eps-converted-to.pdf used on input line 54.
(pdftex.def)             Requested size: 433.61783pt x 303.53249pt.

Overfull \hbox (18.49211pt too wide) in paragraph at lines 54--56
 [][] 
 []


LaTeX Warning: Citation `pmid19994538' on page 67 undefined on input line 60.

[67] [68 </Users/alex/Master/contents/images/eDVHRobust-eps-converted-to.pdf>]

LaTeX Warning: Citation `pmid19994538' on page 69 undefined on input line 62.

) [69] [70

]
Chapter 6.
(./contents/chapters/chapter-6.tex

LaTeX Warning: Citation `pmid19097661' on page 71 undefined on input line 6.


LaTeX Warning: Citation `pmid19293465' on page 71 undefined on input line 6.

[71]

LaTeX Warning: Citation `pmid9783887' on page 72 undefined on input line 8.


LaTeX Warning: Citation `pmid18086391' on page 72 undefined on input line 8.


LaTeX Warning: Citation `pmid19203843' on page 72 undefined on input line 8.


LaTeX Warning: Citation `pmid15234030' on page 72 undefined on input line 8.


LaTeX Warning: Citation `pmid17543402' on page 72 undefined on input line 8.


LaTeX Warning: Citation `pmid16098619' on page 72 undefined on input line 8.


LaTeX Warning: Citation `pmid17674980' on page 72 undefined on input line 8.


LaTeX Warning: Citation `pmid18313529' on page 72 undefined on input line 8.


LaTeX Warning: Citation `pmid19928070' on page 72 undefined on input line 8.


Underfull \vbox (badness 10000) has occurred while \output is active []

 [72]

LaTeX Warning: Reference `tab:po2parameter' on page 73 undefined on input line 25.


LaTeX Warning: Reference `chap:hypoxiacorrelation' on page 73 undefined on input line 27.


LaTeX Warning: Reference `chap:petaccuracy' on page 73 undefined on input line 27.


LaTeX Warning: Citation `pmid19293465' on page 73 undefined on input line 27.

)
Underfull \vbox (badness 10000) has occurred while \output is active []

 [73] [74]
Chapter 7.
(./contents/chapters/chapter-7.tex [75

]
Underfull \vbox (badness 1902) has occurred while \output is active []

 [76]

LaTeX Warning: Reference `chap:wang' on page 77 undefined on input line 8.

[77]) [78]
Appendix A.
(./contents/appendixes/appendix_a.tex) [1

] [2

]
Appendix B.
(./contents/appendixes/appendix_b.tex
Overfull \hbox (20.12476pt too wide) in paragraph at lines 6--83
[]  [][]   [][] 
 []


Overfull \hbox (19.5394pt too wide) in paragraph at lines 88--157
[]  [][]   [][] 
 []


Overfull \hbox (26.86563pt too wide) in paragraph at lines 162--245
[]  [][]   [][] 
 []

./contents/appendixes/appendix_b.tex:334: Misplaced \noalign.
\bottomrule ->\noalign 
                       {\ifnum 0=`}\fi \@aboverulesep =\aboverulesep \global \@belowrulesep =\belowbottomsep \global \@thisruleclass =\@ne \@ifnextchar [{\@BTrule }{\@BTrule [\heavyrulewidth ]}
l.334 }
       
I expect to see \noalign only after the \cr of
an alignment. Proceed, and I'll ignore this case.

./contents/appendixes/appendix_b.tex:334: Missing } inserted.
<inserted text> 
                }
l.334 }
       
I've inserted something that you may have forgotten.
(See the <inserted text> above.)
With luck, this will get me unwedged. But if you
really didn't forget anything, try typing `2' now; then
my insertion and my current dilemma will both disappear.

./contents/appendixes/appendix_b.tex:334: Missing } inserted.
<inserted text> 
                }
l.334 }
       
I've inserted something that you may have forgotten.
(See the <inserted text> above.)
With luck, this will get me unwedged. But if you
really didn't forget anything, try typing `2' now; then
my insertion and my current dilemma will both disappear.

./contents/appendixes/appendix_b.tex:334: Missing } inserted.
<inserted text> 
                }
l.334 }
       
I've inserted something that you may have forgotten.
(See the <inserted text> above.)
With luck, this will get me unwedged. But if you
really didn't forget anything, try typing `2' now; then
my insertion and my current dilemma will both disappear.

./contents/appendixes/appendix_b.tex:334: Missing \cr inserted.
<inserted text> 
                \cr 
l.334 }
       
I'm guessing that you meant to end an alignment here.

./contents/appendixes/appendix_b.tex:334: Missing { inserted.
<inserted text> 
                {
l.334 }
       
I've put in what seems to be necessary to fix
the current column of the current alignment.
Try to go on, since this might almost work.

./contents/appendixes/appendix_b.tex:334: Misplaced \cr.
\reserved@c ->\ifnum 0=`{\fi }\cr 
                                  
l.334 }
       
I can't figure out why you would want to use a tab mark
or \cr or \span just now. If something like a right brace
up above has ended a previous alignment prematurely,
you're probably due for more error messages, and you
might try typing `S' now just to see what is salvageable.

./contents/appendixes/appendix_b.tex:334: Misplaced \crcr.
\endtabular ->\crcr 
                    \egroup \egroup $\egroup 
l.334 }
       
I can't figure out why you would want to use a tab mark
or \cr or \span just now. If something like a right brace
up above has ended a previous alignment prematurely,
you're probably due for more error messages, and you
might try typing `S' now just to see what is salvageable.

./contents/appendixes/appendix_b.tex:334: Extra }, or forgotten $.
\endtabular ->\crcr \egroup 
                            \egroup $\egroup 
l.334 }
       
I've deleted a group-closing symbol because it seems to be
spurious, as in `$x}$'. But perhaps the } is legitimate and
you forgot something else, as in `\hbox{$x}'. In such cases
the way to recover is to insert both the forgotten and the
deleted material, e.g., by typing `I$}'.

./contents/appendixes/appendix_b.tex:334: Extra }, or forgotten $.
\endtabular ->\crcr \egroup \egroup 
                                    $\egroup 
l.334 }
       
I've deleted a group-closing symbol because it seems to be
spurious, as in `$x}$'. But perhaps the } is legitimate and
you forgot something else, as in `\hbox{$x}'. In such cases
the way to recover is to insert both the forgotten and the
deleted material, e.g., by typing `I$}'.


Overfull \hbox (33.6065pt too wide) in paragraph at lines 250--335
[]  [][]   [][] 
 []


Overfull \hbox (26.86563pt too wide) in paragraph at lines 340--410
[]  [][]   [][] 
 []

) [3] [4] [5] [6] [7] [8]
No file TSWLatexianTemp_000067.bbl.
\tf@lof=\write5
\openout5 = `TSWLatexianTemp_000067.lof'.

[9


] [10

]
\tf@lot=\write6
\openout6 = `TSWLatexianTemp_000067.lot'.

Package atveryend Info: Empty hook `BeforeClearDocument' on input line 80.
 [11]
Package atveryend Info: Empty hook `AfterLastShipout' on input line 80.
 (./TSWLatexianTemp_000067.aux)
Package atveryend Info: Executing hook `AtVeryEndDocument' on input line 80.
Package atveryend Info: Executing hook `AtEndAfterFileList' on input line 80.


Package rerunfilecheck Warning: File `TSWLatexianTemp_000067.out' has changed.
(rerunfilecheck)                Rerun to get outlines right
(rerunfilecheck)                or use package `bookmark'.

Package rerunfilecheck Info: Checksums for `TSWLatexianTemp_000067.out':
(rerunfilecheck)             Before: <no file>
(rerunfilecheck)             After:  8E9AAA7832213FC3D238E28B39797CF4;5404.

LaTeX Warning: There were undefined references.


LaTeX Warning: Label(s) may have changed. Rerun to get cross-references right.

 ) 
Here is how much of TeX's memory you used:
 9001 strings out of 493625
 137338 string characters out of 3143269
 283942 words of memory out of 3000000
 11714 multiletter control sequences out of 15000+200000
 61701 words of font info for 127 fonts, out of 3000000 for 9000
 831 hyphenation exceptions out of 8191
 38i,18n,38p,4153b,438s stack positions out of 5000i,500n,10000p,200000b,50000s
</usr/local/texlive/2011/texmf-dist/fonts/type1/public/amsfonts/cm/cmbx10.pfb></usr/local/texlive/2011/texmf-dist/fonts/type1/public/amsfonts/cm/cmbx12.pfb></usr/local/texlive/2011/texmf-dist/fonts/type1/public/amsfonts/cm/cmbx8.pfb></usr/local/texlive/2011/texmf-dist/fonts/type1/public/amsfonts/cm/cmbx9.pfb></usr/local/texlive/2011/texmf-dist/fonts/type1/public/amsfonts/cm/cmbxti10.pfb></usr/local/texlive/2011/texmf-dist/fonts/type1/public/amsfonts/cm/cmex10.pfb></usr/local/texlive/2011/texmf-dist/fonts/type1/public/amsfonts/cm/cmmi10.pfb></usr/local/texlive/2011/texmf-dist/fonts/type1/public/amsfonts/cm/cmmi12.pfb></usr/local/texlive/2011/texmf-dist/fonts/type1/public/amsfonts/cm/cmmi6.pfb></usr/local/texlive/2011/texmf-dist/fonts/type1/public/amsfonts/cm/cmmi7.pfb></usr/local/texlive/2011/texmf-dist/fonts/type1/public/amsfonts/cm/cmmi8.pfb></usr/local/texlive/2011/texmf-dist/fonts/type1/public/amsfonts/cm/cmmi9.pfb></usr/local/texlive/2011/texmf-dist/fonts/type1/public/amsfonts/cm/cmr10.pfb></usr/local/texlive/2011/texmf-dist/fonts/type1/public/amsfonts/cm/cmr12.pfb></usr/local/texlive/2011/texmf-dist/fonts/type1/public/amsfonts/cm/cmr6.pfb></usr/local/texlive/2011/texmf-dist/fonts/type1/public/amsfonts/cm/cmr7.pfb></usr/local/texlive/2011/texmf-dist/fonts/type1/public/amsfonts/cm/cmr8.pfb></usr/local/texlive/2011/texmf-dist/fonts/type1/public/amsfonts/cm/cmr9.pfb></usr/local/texlive/2011/texmf-dist/fonts/type1/public/amsfonts/cm/cmsl10.pfb></usr/local/texlive/2011/texmf-dist/fonts/type1/public/amsfonts/cm/cmsy10.pfb></usr/local/texlive/2011/texmf-dist/fonts/type1/public/amsfonts/cm/cmsy6.pfb></usr/local/texlive/2011/texmf-dist/fonts/type1/public/amsfonts/cm/cmsy7.pfb></usr/local/texlive/2011/texmf-dist/fonts/type1/public/amsfonts/cm/cmsy8.pfb></usr/local/texlive/2011/texmf-dist/fonts/type1/public/amsfonts/cm/cmsy9.pfb></usr/local/texlive/2011/texmf-dist/fonts/type1/public/amsfonts/cm/cmti10.pfb></usr/local/texlive/2011/texmf-dist/fonts/type1/public/amsfonts/cm/cmti9.pfb>
Output written on TSWLatexianTemp_000067.pdf (99 pages, 1313650 bytes).
PDF statistics:
 1672 PDF objects out of 1728 (max. 8388607)
 1417 compressed objects within 15 object streams
 314 named destinations out of 1000 (max. 500000)
 136 words of extra memory for PDF output out of 10000 (max. 10000000)

